<?xml version="1.0" encoding="UTF-8"?>
<!-- Generated by org.testng.reporters.JUnitXMLReporter -->
<testsuite hostname="LAPTOP-0O0C9DPD" failures="0" tests="4" name="Test" time="64.163" errors="0" timestamp="28 Jul 2020 13:25:56 GMT">
  <testcase classname="Framework.VerifyTitleTest" name="VerifyFestureCourseText" time="0.238"/>
  <testcase classname="Framework.VerifyNavigationBarTest" name="baseNavigationBar" time="0.118"/>
  <testcase classname="Framework.HomePageTest" name="basePageNavigation" time="10.352"/>
  <testcase classname="Framework.HomePageTest" name="basePageNavigation" time="3.771"/>
</testsuite> <!-- Test -->
