<?xml version="1.0" encoding="UTF-8"?>
<!-- Generated by org.testng.reporters.JUnitXMLReporter -->
<testsuite hostname="LAPTOP-0O0C9DPD" failures="1" tests="1" name="Validating Title in the page" time="17.665" errors="0" timestamp="29 Jul 2020 09:20:47 GMT">
  <testcase classname="Framework.VerifyTitleTest" name="VerifyFestureCourseText" time="0.066">
    <failure type="java.lang.AssertionError" message="expected [FEATURED COURSES123] but found [FEATURED COURSES]">
      <![CDATA[java.lang.AssertionError: expected [FEATURED COURSES123] but found [FEATURED COURSES]
	at Framework.VerifyTitleTest.VerifyFestureCourseText(VerifyTitleTest.java:37)
	at java.base/java.util.concurrent.FutureTask.run(FutureTask.java:264)
	at java.base/java.util.concurrent.ThreadPoolExecutor.runWorker(ThreadPoolExecutor.java:1128)
	at java.base/java.util.concurrent.ThreadPoolExecutor$Worker.run(ThreadPoolExecutor.java:628)
	at java.base/java.lang.Thread.run(Thread.java:834)
... Removed 21 stack frames]]>
    </failure>
  </testcase> <!-- VerifyFestureCourseText -->
</testsuite> <!-- Validating Title in the page -->
