-------------------------------------------------------------------------------
Test set: TestSuite
-------------------------------------------------------------------------------
Tests run: 4, Failures: 1, Errors: 0, Skipped: 0, Time elapsed: 25.467 s <<< FAILURE! - in TestSuite
Framework.VerifyTitleTest.VerifyFestureCourseText  Time elapsed: 0.077 s  <<< FAILURE!
java.lang.AssertionError: expected [FEATURED COURSES123] but found [FEATURED COURSES]
	at Framework.VerifyTitleTest.VerifyFestureCourseText(VerifyTitleTest.java:37)

